Build started 2/12/2014 10:20:15 AM.
     1>Project "C:\Users\workshop\Dropbox\GuoFF (1)\t2opencv\compute.vcxproj" on node 2 (Build target(s)).
     1>ClCompile:
         C:\Program Files (x86)\Microsoft Visual Studio 11.0\VC\bin\CL.exe /c /IG:\studySoftware\opencv248\build\include\opencv /IG:\studySoftware\opencv248\build\include /ID:\software\opencv48\opencv\build\include /ID:\software\opencv48\opencv\build\include\opencv /Zi /nologo /W3 /WX- /O2 /Oi /Oy- /GL /D WIN32 /D NDEBUG /D _CONSOLE /D _UNICODE /D UNICODE /Gm- /EHsc /MD /GS /Gy /fp:precise /Zc:wchar_t /Zc:forScope /Fo"Release\\" /Fd"Release\vc110.pdb" /Gd /TP /analyze- /errorReport:prompt main.cpp
         main.cpp
     1>main.cpp(312): warning C4996: 'strcpy': This function or variable may be unsafe. Consider using strcpy_s instead. To disable deprecation, use _CRT_SECURE_NO_WARNINGS. See online help for details.
                 C:\Program Files (x86)\Microsoft Visual Studio 11.0\VC\include\string.h(110) : see declaration of 'strcpy'
     1>main.cpp(313): warning C4996: 'strcpy': This function or variable may be unsafe. Consider using strcpy_s instead. To disable deprecation, use _CRT_SECURE_NO_WARNINGS. See online help for details.
                 C:\Program Files (x86)\Microsoft Visual Studio 11.0\VC\include\string.h(110) : see declaration of 'strcpy'
     1>main.cpp(314): warning C4996: 'strcpy': This function or variable may be unsafe. Consider using strcpy_s instead. To disable deprecation, use _CRT_SECURE_NO_WARNINGS. See online help for details.
                 C:\Program Files (x86)\Microsoft Visual Studio 11.0\VC\include\string.h(110) : see declaration of 'strcpy'
     1>main.cpp(316): warning C4996: 'strcat': This function or variable may be unsafe. Consider using strcat_s instead. To disable deprecation, use _CRT_SECURE_NO_WARNINGS. See online help for details.
                 C:\Program Files (x86)\Microsoft Visual Studio 11.0\VC\include\string.h(115) : see declaration of 'strcat'
     1>main.cpp(317): warning C4996: 'strcat': This function or variable may be unsafe. Consider using strcat_s instead. To disable deprecation, use _CRT_SECURE_NO_WARNINGS. See online help for details.
                 C:\Program Files (x86)\Microsoft Visual Studio 11.0\VC\include\string.h(115) : see declaration of 'strcat'
     1>main.cpp(318): warning C4996: 'strcat': This function or variable may be unsafe. Consider using strcat_s instead. To disable deprecation, use _CRT_SECURE_NO_WARNINGS. See online help for details.
                 C:\Program Files (x86)\Microsoft Visual Studio 11.0\VC\include\string.h(115) : see declaration of 'strcat'
     1>main.cpp(246): warning C4101: 'iter' : unreferenced local variable
     1>main.cpp(245): warning C4101: 'tot_t' : unreferenced local variable
     1>main.cpp(249): warning C4101: 'pMarkup' : unreferenced local variable
     1>main.cpp(250): warning C4101: 'pProb' : unreferenced local variable
     1>main.cpp(248): warning C4101: 'pIn' : unreferenced local variable
       Link:
         C:\Program Files (x86)\Microsoft Visual Studio 11.0\VC\bin\link.exe /ERRORREPORT:PROMPT /OUT:"C:\Users\workshop\Dropbox\GuoFF (1)\t2opencv\compute.exe" /INCREMENTAL:NO /NOLOGO /LIBPATH:G:\studySoftware\opencv248\build\x86\vc10\lib /LIBPATH:D:\software\opencv48\opencv\build\x86\vc12\lib opencv_core248.lib opencv_imgproc248.lib opencv_highgui248.lib opencv_ml248.lib opencv_video248.lib opencv_features2d248.lib opencv_calib3d248.lib opencv_objdetect248.lib opencv_contrib248.lib opencv_legacy248.lib opencv_flann248.lib kernel32.lib user32.lib gdi32.lib winspool.lib comdlg32.lib advapi32.lib shell32.lib ole32.lib oleaut32.lib uuid.lib odbc32.lib odbccp32.lib /MANIFEST /MANIFESTUAC:"level='asInvoker' uiAccess='false'" /manifest:embed /DEBUG /PDB:"C:\Users\workshop\Dropbox\GuoFF (1)\t2opencv\compute.pdb" /SUBSYSTEM:CONSOLE /OPT:REF /OPT:ICF /LTCG /TLBID:1 /DYNAMICBASE /NXCOMPAT /IMPLIB:"C:\Users\workshop\Dropbox\GuoFF (1)\t2opencv\compute.lib" /MACHINE:X86 /SAFESEH Release\bitmap.obj
         Release\GCoptimization.obj
         Release\graph.obj
         Release\kmeans.obj
         Release\LinkedBlockList.obj
         Release\main.obj
         Release\maxflow.obj
         Release\mrf.obj
         Generating code
         Finished generating code
         compute.vcxproj -> C:\Users\workshop\Dropbox\GuoFF (1)\t2opencv\compute.exe
     1>Done Building Project "C:\Users\workshop\Dropbox\GuoFF (1)\t2opencv\compute.vcxproj" (Build target(s)).

Build succeeded.

Time Elapsed 00:00:01.53
