Build started 2013/10/29 10:19:10.
     1>Project "D:\NUS-coursework\CS5340 uncertainty modeling in ai\project\BeliefPropagation\BeliefPropagation\BeliefPropagation.vcxproj" on node 2 (build target(s)).
     1>InitializeBuildStatus:
         Creating "Debug\BeliefPropagation.unsuccessfulbuild" because "AlwaysCreate" was specified.
       ClCompile:
         C:\Program Files\Microsoft Visual Studio 10.0\VC\bin\CL.exe /c /ZI /nologo /W3 /WX- /Od /Oy- /D _MBCS /Gm /EHsc /RTC1 /MDd /GS /fp:precise /Zc:wchar_t /Zc:forScope /Fo"Debug\\" /Fd"Debug\vc100.pdb" /Gd /TP /analyze- /errorReport:prompt bp.cpp
         bp.cpp
     1>d:\nus-coursework\cs5340 uncertainty modeling in ai\project\beliefpropagation\beliefpropagation\bp.cpp(37): warning C4018: '<' : signed/unsigned mismatch
     1>d:\nus-coursework\cs5340 uncertainty modeling in ai\project\beliefpropagation\beliefpropagation\bp.cpp(66): warning C4018: '<' : signed/unsigned mismatch
     1>d:\nus-coursework\cs5340 uncertainty modeling in ai\project\beliefpropagation\beliefpropagation\bp.cpp(106): warning C4018: '<' : signed/unsigned mismatch
     1>d:\nus-coursework\cs5340 uncertainty modeling in ai\project\beliefpropagation\beliefpropagation\bp.cpp(140): warning C4018: '<' : signed/unsigned mismatch
       Link:
         C:\Program Files\Microsoft Visual Studio 10.0\VC\bin\link.exe /ERRORREPORT:PROMPT /OUT:"D:\NUS-coursework\CS5340 uncertainty modeling in ai\project\BeliefPropagation\Debug\BeliefPropagation.exe" /NOLOGO kernel32.lib user32.lib gdi32.lib winspool.lib comdlg32.lib advapi32.lib shell32.lib ole32.lib oleaut32.lib uuid.lib odbc32.lib odbccp32.lib /MANIFEST /ManifestFile:"Debug\BeliefPropagation.exe.intermediate.manifest" /MANIFESTUAC:"level='asInvoker' uiAccess='false'" /DEBUG /PDB:"D:\NUS-coursework\CS5340 uncertainty modeling in ai\project\BeliefPropagation\Debug\BeliefPropagation.pdb" /TLBID:1 /DYNAMICBASE /NXCOMPAT /IMPLIB:"D:\NUS-coursework\CS5340 uncertainty modeling in ai\project\BeliefPropagation\Debug\BeliefPropagation.lib" /MACHINE:X86 Debug\bp.obj
         LINK : D:\NUS-coursework\CS5340 uncertainty modeling in ai\project\BeliefPropagation\Debug\BeliefPropagation.exe not found or not built by the last incremental link; performing full link
         BeliefPropagation.vcxproj -> D:\NUS-coursework\CS5340 uncertainty modeling in ai\project\BeliefPropagation\Debug\BeliefPropagation.exe
       Manifest:
         C:\Program Files\Microsoft SDKs\Windows\v7.0A\bin\mt.exe /nologo /verbose /outputresource:"D:\NUS-coursework\CS5340 uncertainty modeling in ai\project\BeliefPropagation\Debug\BeliefPropagation.exe;#1" /manifest Debug\BeliefPropagation.exe.intermediate.manifest
       FinalizeBuildStatus:
         Deleting file "Debug\BeliefPropagation.unsuccessfulbuild".
         Touching "Debug\BeliefPropagation.lastbuildstate".
     1>Done Building Project "D:\NUS-coursework\CS5340 uncertainty modeling in ai\project\BeliefPropagation\BeliefPropagation\BeliefPropagation.vcxproj" (build target(s)).

Build succeeded.

Time Elapsed 00:00:01.23
