Build started 2/4/2014 10:30:32 AM.
     1>Project "D:\CourseWork\CS6243 Computational Photography\assignment\GUO_Fangfang_assignment2\GUO_Fangfang_assignment2\t2opencv\compute.vcxproj" on node 2 (Build target(s)).
     1>ClCompile:
         C:\Program Files (x86)\Microsoft Visual Studio 11.0\VC\bin\CL.exe /c /ID:\software\opencv48\opencv\build\include /ID:\software\opencv48\opencv\build\include\opencv /ZI /nologo /W3 /WX- /Od /Oy- /D WIN32 /D _DEBUG /D _CONSOLE /D _UNICODE /D UNICODE /Gm /EHsc /RTC1 /MDd /GS /fp:precise /Zc:wchar_t /Zc:forScope /Fo"Debug\\" /Fd"Debug\vc110.pdb" /Gd /TP /analyze- /errorReport:prompt main.cpp
         main.cpp
     1>d:\coursework\cs6243 computational photography\assignment\guo_fangfang_assignment2\guo_fangfang_assignment2\t2opencv\main.cpp(235): warning C4101: 'iter' : unreferenced local variable
     1>d:\coursework\cs6243 computational photography\assignment\guo_fangfang_assignment2\guo_fangfang_assignment2\t2opencv\main.cpp(234): warning C4101: 'tot_t' : unreferenced local variable
     1>d:\coursework\cs6243 computational photography\assignment\guo_fangfang_assignment2\guo_fangfang_assignment2\t2opencv\main.cpp(239): warning C4101: 'pProb' : unreferenced local variable
       Link:
         C:\Program Files (x86)\Microsoft Visual Studio 11.0\VC\bin\link.exe /ERRORREPORT:PROMPT /OUT:"D:\CourseWork\CS6243 Computational Photography\assignment\GUO_Fangfang_assignment2\GUO_Fangfang_assignment2\t2opencv\compute.exe" /INCREMENTAL /NOLOGO /LIBPATH:D:\software\opencv48\opencv\build\x86\vc12\lib opencv_core248.lib opencv_imgproc248.lib opencv_highgui248.lib opencv_ml248.lib opencv_video248.lib opencv_features2d248.lib opencv_calib3d248.lib opencv_objdetect248.lib opencv_contrib248.lib opencv_legacy248.lib opencv_flann248.lib kernel32.lib user32.lib gdi32.lib winspool.lib comdlg32.lib advapi32.lib shell32.lib ole32.lib oleaut32.lib uuid.lib odbc32.lib odbccp32.lib /MANIFEST /MANIFESTUAC:"level='asInvoker' uiAccess='false'" /manifest:embed /DEBUG /PDB:"D:\CourseWork\CS6243 Computational Photography\assignment\GUO_Fangfang_assignment2\GUO_Fangfang_assignment2\t2opencv\compute.pdb" /SUBSYSTEM:CONSOLE /TLBID:1 /DYNAMICBASE /NXCOMPAT /IMPLIB:"D:\CourseWork\CS6243 Computational Photography\assignment\GUO_Fangfang_assignment2\GUO_Fangfang_assignment2\t2opencv\compute.lib" /MACHINE:X86 /SAFESEH Debug\bitmap.obj
         Debug\GCoptimization.obj
         Debug\graph.obj
         Debug\kmeans.obj
         Debug\LinkedBlockList.obj
         Debug\main.obj
         Debug\maxflow.obj
         Debug\mrf.obj
         compute.vcxproj -> D:\CourseWork\CS6243 Computational Photography\assignment\GUO_Fangfang_assignment2\GUO_Fangfang_assignment2\t2opencv\compute.exe
     1>Done Building Project "D:\CourseWork\CS6243 Computational Photography\assignment\GUO_Fangfang_assignment2\GUO_Fangfang_assignment2\t2opencv\compute.vcxproj" (Build target(s)).

Build succeeded.

Time Elapsed 00:00:01.53
